[2019-03-01-20:23 ERROR  ] ./cft_extract_owner.py is missing
[2019-04-01-20:10 ERROR  ] ./cft_extract_owner.py is missing
[2019-04-01-20:18 ERROR  ] ./cft_extract_owner.py is missing
[2019-05-01-20:42 ERROR  ] ./cft_extract_owner.py is missing
[2019-05-01-20:57 ERROR  ] ./cft_extract_owner.py​ is missing
[2019-42-01-20:05 INFO   ] Starting execution
[2019-42-01-20:05 WARNING] Running in TEST mode
[2019-42-01-20:05 ERROR  ] ./cft_extract_owner.py​ is missing
[2019-42-01-20:35 INFO   ] Starting execution
[2019-42-01-20:35 WARNING] Running in TEST mode
[2019-42-01-20:35 ERROR  ] ./cft_extract_owner.py​ is missing
[2019-42-01-20:50 INFO   ] Starting execution
[2019-42-01-20:50 WARNING] Running in TEST mode
[2019-42-01-20:50 ERROR  ] ./cft_extract_owner.py​ is missing
[2019-42-01-20:56 INFO   ] Starting execution
[2019-42-01-20:56 WARNING] Running in TEST mode
[2019-42-01-20:56 ERROR  ] ./cft_extract_owner.py​ is missing
[2019-43-01-20:02 INFO   ] Starting execution
[2019-43-01-20:02 WARNING] Running in TEST mode
[2019-43-01-20:02 ERROR  ] ./cft_extract_owner.py​ is missing
[2019-43-01-20:10 INFO   ] Starting execution
[2019-43-01-20:10 WARNING] Running in TEST mode
[2019-43-01-20:10 ERROR  ] ./cft_extract_owner.py​ is missing
[2019-49-01-20:22 INFO   ] Starting execution
[2019-49-01-20:22 WARNING] Running in TEST mode
[2019-49-01-20:22 ERROR  ] ./cft_extract_owner.py​ is missing
[2019-06-01-20:50:13 INFO   ] Starting execution
[2019-06-01-20:50:13 WARNING] Running in TEST mode
[2019-06-01-20:50:13 ERROR  ] ./cft_extract_owner.py​ is missing
[2019-06-01-20:50:38 INFO   ] Starting execution
[2019-06-01-20:50:38 WARNING] Running in TEST mode
[2019-06-01-20:50:38 ERROR  ] ./cft_extract_owner.py​ is missing
[2019-06-01-20:51:25 INFO   ] Starting execution
[2019-06-01-20:51:25 WARNING] Running in TEST mode
[2019-06-01-20:51:25 ERROR  ] ./cft_extract_owner.py​ is missing
[2019-06-01-20:51:58 INFO   ] Starting execution
[2019-06-01-20:51:58 WARNING] Running in TEST mode
[2019-06-01-20:51:58 ERROR  ] ./cft_extract_owner.py​ is missing
[2019-06-01-20:52:29 INFO   ] Starting execution
[2019-06-01-20:52:29 WARNING] Running in TEST mode
[2019-06-01-20:52:29 ERROR  ] cft_extract_owner.py​ is missing
[2019-06-01-20:53:45 INFO   ] Starting execution
[2019-06-01-20:53:45 WARNING] Running in TEST mode
[2019-06-01-20:53:45 ERROR  ] ./cft_extract_owner.py​ is missing
[2019-06-01-21:08:11 INFO   ] Starting execution
[2019-06-01-21:08:11 WARNING] Running in TEST mode
[2019-06-01-21:08:11 ERROR  ] cft_extract_owner.py​ is missing
[2019-06-01-21:10:01 INFO   ] Starting execution
[2019-06-01-21:10:01 WARNING] Running in TEST mode
[2019-06-01-21:14:12 INFO   ] Starting execution
[2019-06-01-21:14:12 WARNING] Running in TEST mode
[2019-06-01-21:14:45 INFO   ] Starting execution
[2019-06-01-21:14:45 WARNING] Running in TEST mode
[2019-06-01-21:15:08 INFO   ] Starting execution
[2019-06-01-21:15:08 WARNING] Running in TEST mode
